c:\users\pc5\desktop\intrusion_detection_system\src\simulation\ieee802_11\x64\debug\vc141.pdb
c:\users\pc5\desktop\intrusion_detection_system\src\simulation\ieee802_11\x64\debug\vc141.idb
c:\users\pc5\desktop\intrusion_detection_system\src\simulation\ieee802_11\x64\debug\minstrel_ht.obj
c:\users\pc5\desktop\intrusion_detection_system\src\simulation\ieee802_11\x64\debug\minstrel.obj
c:\users\pc5\desktop\intrusion_detection_system\src\simulation\ieee802_11\x64\debug\meshbss.obj
c:\users\pc5\desktop\intrusion_detection_system\src\simulation\ieee802_11\x64\debug\infrastructurebss.obj
c:\users\pc5\desktop\intrusion_detection_system\src\simulation\ieee802_11\x64\debug\ieee802_11_radio.obj
c:\users\pc5\desktop\intrusion_detection_system\src\simulation\ieee802_11\x64\debug\ieee802_11_phyframe.obj
c:\users\pc5\desktop\intrusion_detection_system\src\simulation\ieee802_11\x64\debug\ieee802_11_phy.obj
c:\users\pc5\desktop\intrusion_detection_system\src\simulation\ieee802_11\x64\debug\ieee802_11_macframe.obj
c:\users\pc5\desktop\intrusion_detection_system\src\simulation\ieee802_11\x64\debug\ieee802_11_mac.obj
c:\users\pc5\desktop\intrusion_detection_system\src\simulation\ieee802_11\x64\debug\ieee802_11_htphy.obj
c:\users\pc5\desktop\intrusion_detection_system\src\simulation\ieee802_11\x64\debug\ieee802_11_enum.obj
c:\users\pc5\desktop\intrusion_detection_system\src\simulation\ieee802_11\x64\debug\ieee802_11_dsssphy.obj
c:\users\pc5\desktop\intrusion_detection_system\src\simulation\ieee802_11\x64\debug\ieee802_11n.obj
c:\users\pc5\desktop\intrusion_detection_system\src\simulation\ieee802_11\x64\debug\ieee802_11e.obj
c:\users\pc5\desktop\intrusion_detection_system\src\simulation\ieee802_11\x64\debug\ieee802_11ac.obj
c:\users\pc5\desktop\intrusion_detection_system\src\simulation\ieee802_11\x64\debug\ieee802_11.obj
c:\users\pc5\desktop\intrusion_detection_system\src\simulation\ieee802_11\x64\debug\ieee802.11_ofdmphy.obj
c:\users\pc5\desktop\intrusion_detection_system\src\simulation\ieee802_11\x64\debug\ieee1609_interface.obj
c:\users\pc5\desktop\intrusion_detection_system\src\simulation\ieee802_11\x64\debug\generic_rateadaptation.obj
c:\users\pc5\desktop\intrusion_detection_system\src\simulation\ieee802_11\x64\debug\csmaca.obj
c:\users\pc5\desktop\intrusion_detection_system\src\simulation\ieee802_11\x64\debug\watchdog.obj
c:\users\pc5\desktop\intrusion_detection_system\src\simulation\ieee802_11\x64\debug\rts_cts.obj
c:\users\pc5\desktop\intrusion_detection_system\src\simulation\ieee802_11\x64\debug\propagationmodel.obj
c:\users\pc5\desktop\intrusion_detection_system\bin\bin_x64\ieee802_11.lib
c:\users\pc5\desktop\intrusion_detection_system\bin\bin_x64\ieee802_11.exp
c:\users\pc5\desktop\intrusion_detection_system\bin\bin_x64\libieee802.11.dll
c:\users\pc5\desktop\intrusion_detection_system\bin\bin_x64\ieee802_11.pdb
c:\users\pc5\desktop\intrusion_detection_system\src\simulation\ieee802_11\x64\debug\ieee802_11.tlog\cl.command.1.tlog
c:\users\pc5\desktop\intrusion_detection_system\src\simulation\ieee802_11\x64\debug\ieee802_11.tlog\cl.read.1.tlog
c:\users\pc5\desktop\intrusion_detection_system\src\simulation\ieee802_11\x64\debug\ieee802_11.tlog\cl.write.1.tlog
c:\users\pc5\desktop\intrusion_detection_system\src\simulation\ieee802_11\x64\debug\ieee802_11.tlog\ieee802_11.write.1u.tlog
c:\users\pc5\desktop\intrusion_detection_system\src\simulation\ieee802_11\x64\debug\ieee802_11.tlog\link.command.1.tlog
c:\users\pc5\desktop\intrusion_detection_system\src\simulation\ieee802_11\x64\debug\ieee802_11.tlog\link.read.1.tlog
c:\users\pc5\desktop\intrusion_detection_system\src\simulation\ieee802_11\x64\debug\ieee802_11.tlog\link.write.1.tlog
