f:\v11.1_projects\intrusion_detection_system_v11.1\intrusion_detection_system\src\simulation\ieee802_11\debug\vc141.pdb
f:\v11.1_projects\intrusion_detection_system_v11.1\intrusion_detection_system\src\simulation\ieee802_11\debug\vc141.idb
f:\v11.1_projects\intrusion_detection_system_v11.1\intrusion_detection_system\src\simulation\ieee802_11\debug\minstrel_ht.obj
f:\v11.1_projects\intrusion_detection_system_v11.1\intrusion_detection_system\src\simulation\ieee802_11\debug\minstrel.obj
f:\v11.1_projects\intrusion_detection_system_v11.1\intrusion_detection_system\src\simulation\ieee802_11\debug\meshbss.obj
f:\v11.1_projects\intrusion_detection_system_v11.1\intrusion_detection_system\src\simulation\ieee802_11\debug\infrastructurebss.obj
f:\v11.1_projects\intrusion_detection_system_v11.1\intrusion_detection_system\src\simulation\ieee802_11\debug\ieee802_11_radio.obj
f:\v11.1_projects\intrusion_detection_system_v11.1\intrusion_detection_system\src\simulation\ieee802_11\debug\ieee802_11_phyframe.obj
f:\v11.1_projects\intrusion_detection_system_v11.1\intrusion_detection_system\src\simulation\ieee802_11\debug\ieee802_11_phy.obj
f:\v11.1_projects\intrusion_detection_system_v11.1\intrusion_detection_system\src\simulation\ieee802_11\debug\ieee802_11_macframe.obj
f:\v11.1_projects\intrusion_detection_system_v11.1\intrusion_detection_system\src\simulation\ieee802_11\debug\ieee802_11_mac.obj
f:\v11.1_projects\intrusion_detection_system_v11.1\intrusion_detection_system\src\simulation\ieee802_11\debug\ieee802_11_htphy.obj
f:\v11.1_projects\intrusion_detection_system_v11.1\intrusion_detection_system\src\simulation\ieee802_11\debug\ieee802_11_enum.obj
f:\v11.1_projects\intrusion_detection_system_v11.1\intrusion_detection_system\src\simulation\ieee802_11\debug\ieee802_11_dsssphy.obj
f:\v11.1_projects\intrusion_detection_system_v11.1\intrusion_detection_system\src\simulation\ieee802_11\debug\ieee802_11n.obj
f:\v11.1_projects\intrusion_detection_system_v11.1\intrusion_detection_system\src\simulation\ieee802_11\debug\ieee802_11e.obj
f:\v11.1_projects\intrusion_detection_system_v11.1\intrusion_detection_system\src\simulation\ieee802_11\debug\ieee802_11ac.obj
f:\v11.1_projects\intrusion_detection_system_v11.1\intrusion_detection_system\src\simulation\ieee802_11\debug\ieee802_11.obj
f:\v11.1_projects\intrusion_detection_system_v11.1\intrusion_detection_system\src\simulation\ieee802_11\debug\ieee802.11_ofdmphy.obj
f:\v11.1_projects\intrusion_detection_system_v11.1\intrusion_detection_system\src\simulation\ieee802_11\debug\ieee1609_interface.obj
f:\v11.1_projects\intrusion_detection_system_v11.1\intrusion_detection_system\src\simulation\ieee802_11\debug\generic_rateadaptation.obj
f:\v11.1_projects\intrusion_detection_system_v11.1\intrusion_detection_system\src\simulation\ieee802_11\debug\csmaca.obj
f:\v11.1_projects\intrusion_detection_system_v11.1\intrusion_detection_system\src\simulation\ieee802_11\debug\watchdog.obj
f:\v11.1_projects\intrusion_detection_system_v11.1\intrusion_detection_system\src\simulation\ieee802_11\debug\rts_cts.obj
f:\v11.1_projects\intrusion_detection_system_v11.1\intrusion_detection_system\src\simulation\ieee802_11\debug\propagationmodel.obj
f:\v11.1_projects\intrusion_detection_system_v11.1\intrusion_detection_system\bin\bin_x86\ieee802_11.lib
f:\v11.1_projects\intrusion_detection_system_v11.1\intrusion_detection_system\bin\bin_x86\ieee802_11.exp
f:\v11.1_projects\intrusion_detection_system_v11.1\intrusion_detection_system\bin\bin_x86\libieee802.11.dll
f:\v11.1_projects\intrusion_detection_system_v11.1\intrusion_detection_system\bin\bin_x86\ieee802_11.pdb
f:\v11.1_projects\intrusion_detection_system_v11.1\intrusion_detection_system\src\simulation\ieee802_11\debug\ieee802_11.tlog\cl.command.1.tlog
f:\v11.1_projects\intrusion_detection_system_v11.1\intrusion_detection_system\src\simulation\ieee802_11\debug\ieee802_11.tlog\cl.read.1.tlog
f:\v11.1_projects\intrusion_detection_system_v11.1\intrusion_detection_system\src\simulation\ieee802_11\debug\ieee802_11.tlog\cl.write.1.tlog
f:\v11.1_projects\intrusion_detection_system_v11.1\intrusion_detection_system\src\simulation\ieee802_11\debug\ieee802_11.tlog\ieee802_11.write.1u.tlog
f:\v11.1_projects\intrusion_detection_system_v11.1\intrusion_detection_system\src\simulation\ieee802_11\debug\ieee802_11.tlog\link.command.1.tlog
f:\v11.1_projects\intrusion_detection_system_v11.1\intrusion_detection_system\src\simulation\ieee802_11\debug\ieee802_11.tlog\link.read.1.tlog
f:\v11.1_projects\intrusion_detection_system_v11.1\intrusion_detection_system\src\simulation\ieee802_11\debug\ieee802_11.tlog\link.write.1.tlog
