c:\users\pc5\netsim_11.1.11_64_std_default\src\simulation\dsr\debug\vc141.pdb
c:\users\pc5\netsim_11.1.11_64_std_default\src\simulation\dsr\debug\vc141.idb
c:\users\pc5\netsim_11.1.11_64_std_default\src\simulation\dsr\debug\sourceroute.obj
c:\users\pc5\netsim_11.1.11_64_std_default\src\simulation\dsr\debug\sendbuffer.obj
c:\users\pc5\netsim_11.1.11_64_std_default\src\simulation\dsr\debug\routerequest.obj
c:\users\pc5\netsim_11.1.11_64_std_default\src\simulation\dsr\debug\routereply.obj
c:\users\pc5\netsim_11.1.11_64_std_default\src\simulation\dsr\debug\routeerror.obj
c:\users\pc5\netsim_11.1.11_64_std_default\src\simulation\dsr\debug\routecache.obj
c:\users\pc5\netsim_11.1.11_64_std_default\src\simulation\dsr\debug\pathrater.obj
c:\users\pc5\netsim_11.1.11_64_std_default\src\simulation\dsr\debug\packetprocessing.obj
c:\users\pc5\netsim_11.1.11_64_std_default\src\simulation\dsr\debug\network_layer_ack.obj
c:\users\pc5\netsim_11.1.11_64_std_default\src\simulation\dsr\debug\malicious.obj
c:\users\pc5\netsim_11.1.11_64_std_default\src\simulation\dsr\debug\maintbuffer.obj
c:\users\pc5\netsim_11.1.11_64_std_default\src\simulation\dsr\debug\dsr.obj
c:\users\pc5\netsim_11.1.11_64_std_default\src\simulation\dsr\debug\checkroutefound.obj
c:\users\pc5\netsim_11.1.11_64_std_default\src\simulation\dsr\debug\dsr.tlog\cl.command.1.tlog
c:\users\pc5\netsim_11.1.11_64_std_default\src\simulation\dsr\debug\dsr.tlog\cl.read.1.tlog
c:\users\pc5\netsim_11.1.11_64_std_default\src\simulation\dsr\debug\dsr.tlog\cl.write.1.tlog
c:\users\pc5\netsim_11.1.11_64_std_default\src\simulation\dsr\debug\dsr.tlog\link.9364.read.1.tlog
c:\users\pc5\netsim_11.1.11_64_std_default\src\simulation\dsr\debug\dsr.tlog\link.9364.write.1.tlog
c:\users\pc5\netsim_11.1.11_64_std_default\src\simulation\dsr\debug\dsr.tlog\link.command.1.tlog
c:\users\pc5\netsim_11.1.11_64_std_default\src\simulation\dsr\debug\dsr.tlog\link.read.1.tlog
c:\users\pc5\netsim_11.1.11_64_std_default\src\simulation\dsr\debug\dsr.tlog\link.write.1.tlog
