C:\Program Files (x86)\Microsoft Visual Studio\2017\Community\Common7\IDE\VC\VCTargets\Microsoft.CppBuild.targets(377,5): warning MSB8004: Output Directory does not end with a trailing slash.  This build instance will add the slash as it is required to allow proper evaluation of the Output Directory.
  CheckRouteFound.c
  DSR.c
f:\v11.1_projects\intrusion_detection_system_v11.1\intrusion_detection_system\src\simulation\dsr\dsr.c(88): warning C4013: 'fn_NetSim_DSR_MaliciousNode' undefined; assuming extern returning int
f:\v11.1_projects\intrusion_detection_system_v11.1\intrusion_detection_system\src\simulation\dsr\dsr.c(140): warning C4013: 'fn_NetSim_DSR_MaliciousProcessSourceRouteOption' undefined; assuming extern returning int
f:\v11.1_projects\intrusion_detection_system_v11.1\intrusion_detection_system\src\simulation\dsr\dsr.c(155): warning C4013: 'fn_NetSim_DSR_MaliciousRouteAddToCache' undefined; assuming extern returning int
  MaintBuffer.c
  Malicious.c
  Network_Layer_Ack.c
  PacketProcessing.c
  Pathrater.c
  RouteCache.c
  RouteError.c
  RouteReply.c
  RouteRequest.c
  SendBuffer.c
  SourceRoute.c
  Generating Code...
CheckRouteFound.obj : warning LNK4075: ignoring '/EDITANDCONTINUE' due to '/INCREMENTAL:NO' specification
  List.lib(List.obj) : MSIL .netmodule or module compiled with /GL found; restarting link with /LTCG; add /LTCG to the link command line to improve linker performance
CheckRouteFound.obj : warning LNK4075: ignoring '/EDITANDCONTINUE' due to '/INCREMENTAL:NO' specification
     Creating library ..\..\..\bin\bin_x86\libDSR.lib and object ..\..\..\bin\bin_x86\libDSR.exp
LINK : warning LNK4098: defaultlib 'MSVCRT' conflicts with use of other libs; use /NODEFAULTLIB:library
  Generating code
  Finished generating code
List.lib(List.obj) : warning LNK4099: PDB 'List.pdb' was not found with 'List.lib(List.obj)' or at 'F:\v11.1_Projects\Intrusion_Detection_System_v11.1\Intrusion_Detection_System\bin\bin_x86\List.pdb'; linking object as if no debug info
DSR.lib(DSR.obj) : warning LNK4099: PDB 'DSRLib.pdb' was not found with 'DSR.lib(DSR.obj)' or at 'F:\v11.1_Projects\Intrusion_Detection_System_v11.1\Intrusion_Detection_System\bin\bin_x86\DSRLib.pdb'; linking object as if no debug info
DSR.lib(LinkLayerAck.obj) : warning LNK4099: PDB 'DSRLib.pdb' was not found with 'DSR.lib(LinkLayerAck.obj)' or at 'F:\v11.1_Projects\Intrusion_Detection_System_v11.1\Intrusion_Detection_System\bin\bin_x86\DSRLib.pdb'; linking object as if no debug info
  DSR.vcxproj -> F:\v11.1_Projects\Intrusion_Detection_System_v11.1\Intrusion_Detection_System\src\Simulation\DSR\..\..\..\bin\bin_x86\libDSR.dll
