f:\v11.1_projects\intrusion_detection_system_v11.1\intrusion_detection_system\src\simulation\dsr\debug\vc141.pdb
f:\v11.1_projects\intrusion_detection_system_v11.1\intrusion_detection_system\src\simulation\dsr\debug\vc141.idb
f:\v11.1_projects\intrusion_detection_system_v11.1\intrusion_detection_system\src\simulation\dsr\debug\sourceroute.obj
f:\v11.1_projects\intrusion_detection_system_v11.1\intrusion_detection_system\src\simulation\dsr\debug\sendbuffer.obj
f:\v11.1_projects\intrusion_detection_system_v11.1\intrusion_detection_system\src\simulation\dsr\debug\routerequest.obj
f:\v11.1_projects\intrusion_detection_system_v11.1\intrusion_detection_system\src\simulation\dsr\debug\routereply.obj
f:\v11.1_projects\intrusion_detection_system_v11.1\intrusion_detection_system\src\simulation\dsr\debug\routeerror.obj
f:\v11.1_projects\intrusion_detection_system_v11.1\intrusion_detection_system\src\simulation\dsr\debug\routecache.obj
f:\v11.1_projects\intrusion_detection_system_v11.1\intrusion_detection_system\src\simulation\dsr\debug\pathrater.obj
f:\v11.1_projects\intrusion_detection_system_v11.1\intrusion_detection_system\src\simulation\dsr\debug\packetprocessing.obj
f:\v11.1_projects\intrusion_detection_system_v11.1\intrusion_detection_system\src\simulation\dsr\debug\network_layer_ack.obj
f:\v11.1_projects\intrusion_detection_system_v11.1\intrusion_detection_system\src\simulation\dsr\debug\malicious.obj
f:\v11.1_projects\intrusion_detection_system_v11.1\intrusion_detection_system\src\simulation\dsr\debug\maintbuffer.obj
f:\v11.1_projects\intrusion_detection_system_v11.1\intrusion_detection_system\src\simulation\dsr\debug\dsr.obj
f:\v11.1_projects\intrusion_detection_system_v11.1\intrusion_detection_system\src\simulation\dsr\debug\checkroutefound.obj
f:\v11.1_projects\intrusion_detection_system_v11.1\intrusion_detection_system\src\bin\bin_x86\libdsr.lib
f:\v11.1_projects\intrusion_detection_system_v11.1\intrusion_detection_system\src\bin\bin_x86\libdsr.exp
f:\v11.1_projects\intrusion_detection_system_v11.1\intrusion_detection_system\src\bin\bin_x86\libdsr.dll
f:\v11.1_projects\intrusion_detection_system_v11.1\intrusion_detection_system\src\bin\bin_x86\libdsr.pdb
f:\v11.1_projects\intrusion_detection_system_v11.1\intrusion_detection_system\src\simulation\dsr\debug\..\..\..\bin\bin_x86\libdsr.pdb
f:\v11.1_projects\intrusion_detection_system_v11.1\intrusion_detection_system\src\simulation\dsr\..\..\..\bin\bin_x86\libdsr.dll
f:\v11.1_projects\intrusion_detection_system_v11.1\intrusion_detection_system\src\simulation\dsr\debug\dsr.tlog\cl.command.1.tlog
f:\v11.1_projects\intrusion_detection_system_v11.1\intrusion_detection_system\src\simulation\dsr\debug\dsr.tlog\cl.read.1.tlog
f:\v11.1_projects\intrusion_detection_system_v11.1\intrusion_detection_system\src\simulation\dsr\debug\dsr.tlog\cl.write.1.tlog
f:\v11.1_projects\intrusion_detection_system_v11.1\intrusion_detection_system\src\simulation\dsr\debug\dsr.tlog\dsr.write.1u.tlog
f:\v11.1_projects\intrusion_detection_system_v11.1\intrusion_detection_system\src\simulation\dsr\debug\dsr.tlog\link.command.1.tlog
f:\v11.1_projects\intrusion_detection_system_v11.1\intrusion_detection_system\src\simulation\dsr\debug\dsr.tlog\link.read.1.tlog
f:\v11.1_projects\intrusion_detection_system_v11.1\intrusion_detection_system\src\simulation\dsr\debug\dsr.tlog\link.write.1.tlog
